Using pre-set license
Built from '2020.3/staging' branch; Version is '2020.3.5f1 (8095aa901b9b) revision 8426922'; Using compiler version '192528614'; Build Type 'Release'
OS: 'Windows 10 Pro; OS build 19042.928; Version 2009; 64bit' Language: 'en' Physical Memory: 16337 MB
BatchMode: 1, IsHumanControllingUs: 0, StartBugReporterOnCrash: 0, Is64bit: 1, IsPro: 0

 COMMAND LINE ARGUMENTS:
C:\Program Files\Unity\Hub\Editor\2020.3.5f1\Editor\Unity.exe
-adb2
-batchMode
-noUpm
-name
AssetImportWorker0
-projectPath
D:/Documents/GitHub/railway-relaxo
-logFile
Logs/AssetImportWorker0.log
-srvPort
62630
Successfully changed project path to: D:/Documents/GitHub/railway-relaxo
D:/Documents/GitHub/railway-relaxo
Using Asset Import Pipeline V2.
Refreshing native plugins compatible for Editor in 18.80 ms, found 0 plugins.
Preloading 0 native plugins for Editor in 0.00 ms.
Initialize engine version: 2020.3.5f1 (8095aa901b9b)
[Subsystems] Discovering subsystems at path C:/Program Files/Unity/Hub/Editor/2020.3.5f1/Editor/Data/Resources/UnitySubsystems
[Subsystems] Discovering subsystems at path D:/Documents/GitHub/railway-relaxo/Assets
GfxDevice: creating device client; threaded=0
Direct3D:
    Version:  Direct3D 11.0 [level 11.1]
    Renderer: NVIDIA GeForce GTX 970 (ID=0x13c2)
    Vendor:   
    VRAM:     4043 MB
    Driver:   27.21.14.5751
Initialize mono
Mono path[0] = 'C:/Program Files/Unity/Hub/Editor/2020.3.5f1/Editor/Data/Managed'
Mono path[1] = 'C:/Program Files/Unity/Hub/Editor/2020.3.5f1/Editor/Data/MonoBleedingEdge/lib/mono/unityjit'
Mono config path = 'C:/Program Files/Unity/Hub/Editor/2020.3.5f1/Editor/Data/MonoBleedingEdge/etc'
Using monoOptions --debugger-agent=transport=dt_socket,embedding=1,server=y,suspend=n,address=127.0.0.1:56032
Begin MonoManager ReloadAssembly
Registering precompiled unity dll's ...
Register platform support module: C:/Program Files/Unity/Hub/Editor/2020.3.5f1/Editor/Data/PlaybackEngines/WindowsStandaloneSupport/UnityEditor.WindowsStandalone.Extensions.dll
Registered in 0.001738 seconds.
Native extension for WindowsStandalone target not found
Refreshing native plugins compatible for Editor in 19.10 ms, found 0 plugins.
Preloading 0 native plugins for Editor in 0.00 ms.
Mono: successfully reloaded assembly
- Completed reload, in  0.750 seconds
Platform modules already initialized, skipping
Registering precompiled user dll's ...
Registered in 0.000462 seconds.
Begin MonoManager ReloadAssembly
Native extension for WindowsStandalone target not found
Refreshing native plugins compatible for Editor in 0.25 ms, found 0 plugins.
Preloading 0 native plugins for Editor in 0.00 ms.
Mono: successfully reloaded assembly
- Completed reload, in  0.651 seconds
Platform modules already initialized, skipping
========================================================================
Worker process is ready to serve import requests
Launched and connected shader compiler UnityShaderCompiler.exe after 0.04 seconds
Refreshing native plugins compatible for Editor in 0.23 ms, found 0 plugins.
Preloading 0 native plugins for Editor in 0.00 ms.
Unloading 1114 Unused Serialized files (Serialized files now loaded: 0)
System memory in use before: 57.0 MB.
System memory in use after: 57.0 MB.

Unloading 9 unused Assets to reduce memory usage. Loaded Objects now: 1557.
Total: 1.578200 ms (FindLiveObjects: 0.132100 ms CreateObjectMapping: 0.026900 ms MarkObjects: 1.362200 ms  DeleteObjects: 0.056100 ms)

========================================================================
Received Import Request.
  path: Assets/Scripts
  artifactKey: Guid(d360b2ef6769c7b46991f37deb287eeb) Importer(815301076,1909f56bfc062723c751e8b465ee728b)
Start importing Assets/Scripts using Guid(d360b2ef6769c7b46991f37deb287eeb) Importer(815301076,1909f56bfc062723c751e8b465ee728b)  -> (artifact id: '51d51237f3cd8d97de240ba819f63ed8') in 0.006733 seconds
  Import took 0.008523 seconds .

========================================================================
Received Import Request.
  Time since last request: 31.912700 seconds.
  path: Assets/Scripts/NewBehaviourScript.cs
  artifactKey: Guid(514e9b81d887ff44a90658e1eb073696) Importer(815301076,1909f56bfc062723c751e8b465ee728b)
Start importing Assets/Scripts/NewBehaviourScript.cs using Guid(514e9b81d887ff44a90658e1eb073696) Importer(815301076,1909f56bfc062723c751e8b465ee728b)  -> (artifact id: '518b37c294192f9cdcdd7d7bd9d2d13e') in 0.021420 seconds
  Import took 0.023401 seconds .

========================================================================
Received Prepare
Registering precompiled user dll's ...
Registered in 0.000370 seconds.
Begin MonoManager ReloadAssembly
Native extension for WindowsStandalone target not found
Refreshing native plugins compatible for Editor in 0.24 ms, found 0 plugins.
Preloading 0 native plugins for Editor in 0.00 ms.
Mono: successfully reloaded assembly
- Completed reload, in  0.595 seconds
Platform modules already initialized, skipping
Refreshing native plugins compatible for Editor in 0.23 ms, found 0 plugins.
Preloading 0 native plugins for Editor in 0.00 ms.
Unloading 1109 Unused Serialized files (Serialized files now loaded: 0)
System memory in use before: 56.8 MB.
System memory in use after: 56.9 MB.

Unloading 4 unused Assets to reduce memory usage. Loaded Objects now: 1561.
Total: 1.437100 ms (FindLiveObjects: 0.135000 ms CreateObjectMapping: 0.026200 ms MarkObjects: 1.261400 ms  DeleteObjects: 0.013300 ms)

========================================================================
Received Import Request.
  Time since last request: 28.188756 seconds.
  path: Assets/Scripts/RailwayNetwork.cs
  artifactKey: Guid(514e9b81d887ff44a90658e1eb073696) Importer(815301076,1909f56bfc062723c751e8b465ee728b)
Start importing Assets/Scripts/RailwayNetwork.cs using Guid(514e9b81d887ff44a90658e1eb073696) Importer(815301076,1909f56bfc062723c751e8b465ee728b)  -> (artifact id: 'c1b751ccc906e3742a1f582f96b1ff40') in 0.007044 seconds
  Import took 0.009137 seconds .

========================================================================
Received Import Request.
  Time since last request: 0.001254 seconds.
  path: Assets/Scripts/RailwayNetwork.cs
  artifactKey: Guid(514e9b81d887ff44a90658e1eb073696) Importer(815301076,1909f56bfc062723c751e8b465ee728b)
Start importing Assets/Scripts/RailwayNetwork.cs using Guid(514e9b81d887ff44a90658e1eb073696) Importer(815301076,1909f56bfc062723c751e8b465ee728b)  -> (artifact id: 'c1b751ccc906e3742a1f582f96b1ff40') in 0.001435 seconds
  Import took 0.002750 seconds .

========================================================================
Received Prepare
Registering precompiled user dll's ...
Registered in 0.000428 seconds.
Begin MonoManager ReloadAssembly
Native extension for WindowsStandalone target not found
Refreshing native plugins compatible for Editor in 0.24 ms, found 0 plugins.
Preloading 0 native plugins for Editor in 0.00 ms.
Mono: successfully reloaded assembly
- Completed reload, in  0.634 seconds
Platform modules already initialized, skipping
Refreshing native plugins compatible for Editor in 0.24 ms, found 0 plugins.
Preloading 0 native plugins for Editor in 0.00 ms.
Unloading 1109 Unused Serialized files (Serialized files now loaded: 0)
System memory in use before: 56.8 MB.
System memory in use after: 56.9 MB.

Unloading 4 unused Assets to reduce memory usage. Loaded Objects now: 1564.
Total: 1.424100 ms (FindLiveObjects: 0.134500 ms CreateObjectMapping: 0.026600 ms MarkObjects: 1.250600 ms  DeleteObjects: 0.011400 ms)

